{"name":"asNotLoggedInUserIShallNotProceedToCheckout","status":"skipped","statusDetails":{"known":false,"muted":false,"flaky":false,"message":"Element text was <You must sign on before attempting to check out. Please sign on and try checking out again.> expecting to be <DYou must sign on before attempting to check out. Please sign on and try checking out again.>!","trace":"java.lang.AssertionError: Element text was <You must sign on before attempting to check out. Please sign on and try checking out again.> expecting to be <DYou must sign on before attempting to check out. Please sign on and try checking out again.>!\r\n\tat page.objects.LoginPage.assertThatWarningIsDisplayed(LoginPage.java:65)\r\n\tat tests.ShoppingCartTests.asNotLoggedInUserIShallNotProceedToCheckout(ShoppingCartTests.java:32)\r\n\tat sun.reflect.NativeMethodAccessorImpl.invoke0(Native Method)\r\n\tat sun.reflect.NativeMethodAccessorImpl.invoke(NativeMethodAccessorImpl.java:62)\r\n\tat sun.reflect.DelegatingMethodAccessorImpl.invoke(DelegatingMethodAccessorImpl.java:43)\r\n\tat java.lang.reflect.Method.invoke(Method.java:498)\r\n\tat org.testng.internal.MethodInvocationHelper.invokeMethod(MethodInvocationHelper.java:133)\r\n\tat org.testng.internal.TestInvoker.invokeMethod(TestInvoker.java:584)\r\n\tat org.testng.internal.TestInvoker.invokeTestMethod(TestInvoker.java:172)\r\n\tat org.testng.internal.MethodRunner.runInSequence(MethodRunner.java:46)\r\n\tat org.testng.internal.TestInvoker$MethodInvocationAgent.invoke(TestInvoker.java:804)\r\n\tat org.testng.internal.TestInvoker.invokeTestMethods(TestInvoker.java:145)\r\n\tat org.testng.internal.TestMethodWorker.invokeTestMethods(TestMethodWorker.java:146)\r\n\tat org.testng.internal.TestMethodWorker.run(TestMethodWorker.java:128)\r\n\tat java.util.ArrayList.forEach(ArrayList.java:1257)\r\n\tat org.testng.TestRunner.privateRun(TestRunner.java:770)\r\n\tat org.testng.TestRunner.run(TestRunner.java:591)\r\n\tat org.testng.SuiteRunner.runTest(SuiteRunner.java:402)\r\n\tat org.testng.SuiteRunner.access$000(SuiteRunner.java:41)\r\n\tat org.testng.SuiteRunner$SuiteWorker.run(SuiteRunner.java:443)\r\n\tat org.testng.internal.thread.ThreadUtil.lambda$execute$0(ThreadUtil.java:67)\r\n\tat java.util.concurrent.FutureTask.run(FutureTask.java:266)\r\n\tat java.util.concurrent.ThreadPoolExecutor.runWorker(ThreadPoolExecutor.java:1149)\r\n\tat java.util.concurrent.ThreadPoolExecutor$Worker.run(ThreadPoolExecutor.java:624)\r\n\tat java.lang.Thread.run(Thread.java:748)\r\n"},"stage":"finished","description":"The goal of this test is do shopping without sign onand check if warning message about requirement of sign on is displayed","steps":[{"name":"Navigatiing to URL: http://przyklady.javastart.pl/jpetstore/","status":"passed","stage":"finished","steps":[],"attachments":[],"parameters":[{"name":"pageUrl","value":"http://przyklady.javastart.pl/jpetstore/"}],"start":1591185431298,"stop":1591185432307},{"name":"Click on Enter Store Link","status":"passed","stage":"finished","steps":[],"attachments":[],"parameters":[],"start":1591185432381,"stop":1591185433508},{"name":"Click on Angelfish ID link","status":"passed","stage":"finished","steps":[],"attachments":[],"parameters":[],"start":1591185434024,"stop":1591185434283},{"name":"Clic on Add to Cart Small Angelfish","status":"passed","stage":"finished","steps":[],"attachments":[],"parameters":[],"start":1591185434283,"stop":1591185434545},{"name":"Click on Procced to Check Out Button","status":"passed","stage":"finished","steps":[],"attachments":[],"parameters":[],"start":1591185434546,"stop":1591185435171},{"name":"Assert that warning message DYou must sign on before attempting to check out. Please sign on and try checking out again. is displayed","status":"failed","statusDetails":{"known":false,"muted":false,"flaky":false,"message":"Element text was <You must sign on before attempting to check out. Please sign on and try checking out again.> expecting to be <DYou must sign on before attempting to check out. Please sign on and try checking out again.>!","trace":"java.lang.AssertionError: Element text was <You must sign on before attempting to check out. Please sign on and try checking out again.> expecting to be <DYou must sign on before attempting to check out. Please sign on and try checking out again.>!\r\n\tat page.objects.LoginPage.assertThatWarningIsDisplayed(LoginPage.java:65)\r\n\tat tests.ShoppingCartTests.asNotLoggedInUserIShallNotProceedToCheckout(ShoppingCartTests.java:32)\r\n\tat sun.reflect.NativeMethodAccessorImpl.invoke0(Native Method)\r\n\tat sun.reflect.NativeMethodAccessorImpl.invoke(NativeMethodAccessorImpl.java:62)\r\n\tat sun.reflect.DelegatingMethodAccessorImpl.invoke(DelegatingMethodAccessorImpl.java:43)\r\n\tat java.lang.reflect.Method.invoke(Method.java:498)\r\n\tat org.testng.internal.MethodInvocationHelper.invokeMethod(MethodInvocationHelper.java:133)\r\n\tat org.testng.internal.TestInvoker.invokeMethod(TestInvoker.java:584)\r\n\tat org.testng.internal.TestInvoker.invokeTestMethod(TestInvoker.java:172)\r\n\tat org.testng.internal.MethodRunner.runInSequence(MethodRunner.java:46)\r\n\tat org.testng.internal.TestInvoker$MethodInvocationAgent.invoke(TestInvoker.java:804)\r\n\tat org.testng.internal.TestInvoker.invokeTestMethods(TestInvoker.java:145)\r\n\tat org.testng.internal.TestMethodWorker.invokeTestMethods(TestMethodWorker.java:146)\r\n\tat org.testng.internal.TestMethodWorker.run(TestMethodWorker.java:128)\r\n\tat java.util.ArrayList.forEach(ArrayList.java:1257)\r\n\tat org.testng.TestRunner.privateRun(TestRunner.java:770)\r\n\tat org.testng.TestRunner.run(TestRunner.java:591)\r\n\tat org.testng.SuiteRunner.runTest(SuiteRunner.java:402)\r\n\tat org.testng.SuiteRunner.access$000(SuiteRunner.java:41)\r\n\tat org.testng.SuiteRunner$SuiteWorker.run(SuiteRunner.java:443)\r\n\tat org.testng.internal.thread.ThreadUtil.lambda$execute$0(ThreadUtil.java:67)\r\n\tat java.util.concurrent.FutureTask.run(FutureTask.java:266)\r\n\tat java.util.concurrent.ThreadPoolExecutor.runWorker(ThreadPoolExecutor.java:1149)\r\n\tat java.util.concurrent.ThreadPoolExecutor$Worker.run(ThreadPoolExecutor.java:624)\r\n\tat java.lang.Thread.run(Thread.java:748)\r\n"},"stage":"finished","steps":[],"attachments":[],"parameters":[{"name":"warningMessage","value":"DYou must sign on before attempting to check out. Please sign on and try checking out again."}],"start":1591185435172,"stop":1591185435550}],"attachments":[],"parameters":[{"name":"browser","value":"FIREFOX"}],"start":1591185431296,"stop":1591185435554,"uuid":"38a5c5d1-96ab-457c-8f06-3fdd57f1f828","historyId":"b27e37fe83bdd92d6633d5ca19102e13","fullName":"tests.ShoppingCartTests.asNotLoggedInUserIShallNotProceedToCheckout","labels":[{"name":"package","value":"tests.ShoppingCartTests"},{"name":"testClass","value":"tests.ShoppingCartTests"},{"name":"testMethod","value":"asNotLoggedInUserIShallNotProceedToCheckout"},{"name":"parentSuite","value":"All Pet Store Tests"},{"name":"suite","value":"Shopping Cart Tests"},{"name":"subSuite","value":"tests.ShoppingCartTests"},{"name":"host","value":"DESKTOP-0GIKARJ"},{"name":"thread","value":"14384@DESKTOP-0GIKARJ.TestNG-tests-3(16)"},{"name":"framework","value":"testng"},{"name":"language","value":"java"},{"name":"severity","value":"critical"}],"links":[{"name":"ID-3","url":"https://example-tms-system.org/tms/ID-3","type":"tms"}]}