<?xml version="1.0" encoding="UTF-8"?>
<testng-results skipped="0" failed="1" ignored="0" retried="2" total="4" passed="1">
  <reporter-output>
  </reporter-output>
  <suite name="All Pet Store Tests" duration-ms="40922" started-at="2020-06-03T13:56:55 CEST" finished-at="2020-06-03T13:57:36 CEST">
    <groups>
    </groups>
    <test name="Positive Login Tests" duration-ms="25952" started-at="2020-06-03T13:56:55 CEST" finished-at="2020-06-03T13:57:21 CEST">
      <class name="tests.PositiveLoginTests">
        <test-method status="PASS" signature="beforeClass()[pri:0, instance:tests.PositiveLoginTests@76c387f9]" name="beforeClass" is-config="true" duration-ms="141" started-at="2020-06-03T13:56:55 CEST" finished-at="2020-06-03T13:56:55 CEST">
          <reporter-output>
          </reporter-output>
        </test-method> <!-- beforeClass -->
        <test-method status="PASS" signature="beforeMethod(driver.BrowserType)[pri:0, instance:tests.PositiveLoginTests@76c387f9]" name="beforeMethod" is-config="true" duration-ms="10929" started-at="2020-06-03T13:56:55 CEST" finished-at="2020-06-03T13:57:06 CEST">
          <params>
            <param index="0">
              <value>
                <![CDATA[CHROME]]>
              </value>
            </param>
          </params>
          <reporter-output>
          </reporter-output>
        </test-method> <!-- beforeMethod -->
        <test-method status="PASS" signature="andUserTryToLoginWithValidUsernameAndPassword()[pri:0, instance:tests.PositiveLoginTests@76c387f9]" name="andUserTryToLoginWithValidUsernameAndPassword" duration-ms="8319" started-at="2020-06-03T13:57:07 CEST" finished-at="2020-06-03T13:57:15 CEST">
          <reporter-output>
          </reporter-output>
        </test-method> <!-- andUserTryToLoginWithValidUsernameAndPassword -->
        <test-method status="PASS" signature="afterMethod()[pri:0, instance:tests.PositiveLoginTests@76c387f9]" name="afterMethod" is-config="true" duration-ms="5733" started-at="2020-06-03T13:57:15 CEST" finished-at="2020-06-03T13:57:21 CEST">
          <reporter-output>
          </reporter-output>
        </test-method> <!-- afterMethod -->
      </class> <!-- tests.PositiveLoginTests -->
    </test> <!-- Positive Login Tests -->
    <test name="Shopping Cart Tests" duration-ms="40916" started-at="2020-06-03T13:56:55 CEST" finished-at="2020-06-03T13:57:36 CEST">
      <class name="tests.ShoppingCartTests">
        <test-method status="PASS" signature="beforeClass()[pri:0, instance:tests.ShoppingCartTests@6940f685]" name="beforeClass" is-config="true" duration-ms="142" started-at="2020-06-03T13:56:55 CEST" finished-at="2020-06-03T13:56:55 CEST">
          <reporter-output>
          </reporter-output>
        </test-method> <!-- beforeClass -->
        <test-method status="PASS" signature="beforeMethod(driver.BrowserType)[pri:0, instance:tests.ShoppingCartTests@6940f685]" name="beforeMethod" is-config="true" duration-ms="15492" started-at="2020-06-03T13:56:55 CEST" finished-at="2020-06-03T13:57:11 CEST">
          <params>
            <param index="0">
              <value>
                <![CDATA[FIREFOX]]>
              </value>
            </param>
          </params>
          <reporter-output>
          </reporter-output>
        </test-method> <!-- beforeMethod -->
        <test-method status="SKIP" signature="asNotLoggedInUserIShallNotProceedToCheckout()[pri:0, instance:tests.ShoppingCartTests@6940f685]" name="asNotLoggedInUserIShallNotProceedToCheckout" duration-ms="4260" retried="true" started-at="2020-06-03T13:57:11 CEST" finished-at="2020-06-03T13:57:15 CEST">
          <exception class="java.lang.AssertionError">
            <message>
              <![CDATA[Element text was <You must sign on before attempting to check out. Please sign on and try checking out again.> expecting to be <DYou must sign on before attempting to check out. Please sign on and try checking out again.>!]]>
            </message>
            <full-stacktrace>
              <![CDATA[java.lang.AssertionError: Element text was <You must sign on before attempting to check out. Please sign on and try checking out again.> expecting to be <DYou must sign on before attempting to check out. Please sign on and try checking out again.>!
at page.objects.LoginPage.assertThatWarningIsDisplayed(LoginPage.java:65)
at tests.ShoppingCartTests.asNotLoggedInUserIShallNotProceedToCheckout(ShoppingCartTests.java:32)
at sun.reflect.NativeMethodAccessorImpl.invoke0(Native Method)
at sun.reflect.NativeMethodAccessorImpl.invoke(NativeMethodAccessorImpl.java:62)
at sun.reflect.DelegatingMethodAccessorImpl.invoke(DelegatingMethodAccessorImpl.java:43)
at java.lang.reflect.Method.invoke(Method.java:498)
at org.testng.internal.MethodInvocationHelper.invokeMethod(MethodInvocationHelper.java:133)
at org.testng.internal.TestInvoker.invokeMethod(TestInvoker.java:584)
at org.testng.internal.TestInvoker.invokeTestMethod(TestInvoker.java:172)
at org.testng.internal.MethodRunner.runInSequence(MethodRunner.java:46)
at org.testng.internal.TestInvoker$MethodInvocationAgent.invoke(TestInvoker.java:804)
at org.testng.internal.TestInvoker.invokeTestMethods(TestInvoker.java:145)
at org.testng.internal.TestMethodWorker.invokeTestMethods(TestMethodWorker.java:146)
at org.testng.internal.TestMethodWorker.run(TestMethodWorker.java:128)
at java.util.ArrayList.forEach(ArrayList.java:1257)
at org.testng.TestRunner.privateRun(TestRunner.java:770)
at org.testng.TestRunner.run(TestRunner.java:591)
at org.testng.SuiteRunner.runTest(SuiteRunner.java:402)
at org.testng.SuiteRunner.access$000(SuiteRunner.java:41)
at org.testng.SuiteRunner$SuiteWorker.run(SuiteRunner.java:443)
at org.testng.internal.thread.ThreadUtil.lambda$execute$0(ThreadUtil.java:67)
at java.util.concurrent.FutureTask.run(FutureTask.java:266)
at java.util.concurrent.ThreadPoolExecutor.runWorker(ThreadPoolExecutor.java:1149)
at java.util.concurrent.ThreadPoolExecutor$Worker.run(ThreadPoolExecutor.java:624)
at java.lang.Thread.run(Thread.java:748)
]]>
            </full-stacktrace>
          </exception> <!-- java.lang.AssertionError -->
          <reporter-output>
          </reporter-output>
        </test-method> <!-- asNotLoggedInUserIShallNotProceedToCheckout -->
        <test-method status="PASS" signature="afterMethod()[pri:0, instance:tests.ShoppingCartTests@6940f685]" name="afterMethod" is-config="true" duration-ms="4124" started-at="2020-06-03T13:57:15 CEST" finished-at="2020-06-03T13:57:19 CEST">
          <reporter-output>
          </reporter-output>
        </test-method> <!-- afterMethod -->
        <test-method status="PASS" signature="beforeMethod(driver.BrowserType)[pri:0, instance:tests.ShoppingCartTests@6940f685]" name="beforeMethod" is-config="true" duration-ms="5106" started-at="2020-06-03T13:57:19 CEST" finished-at="2020-06-03T13:57:24 CEST">
          <params>
            <param index="0">
              <value>
                <![CDATA[FIREFOX]]>
              </value>
            </param>
          </params>
          <reporter-output>
          </reporter-output>
        </test-method> <!-- beforeMethod -->
        <test-method status="SKIP" signature="asNotLoggedInUserIShallNotProceedToCheckout()[pri:0, instance:tests.ShoppingCartTests@6940f685]" name="asNotLoggedInUserIShallNotProceedToCheckout" duration-ms="1805" retried="true" started-at="2020-06-03T13:57:24 CEST" finished-at="2020-06-03T13:57:26 CEST">
          <exception class="java.lang.AssertionError">
            <message>
              <![CDATA[Element text was <You must sign on before attempting to check out. Please sign on and try checking out again.> expecting to be <DYou must sign on before attempting to check out. Please sign on and try checking out again.>!]]>
            </message>
            <full-stacktrace>
              <![CDATA[java.lang.AssertionError: Element text was <You must sign on before attempting to check out. Please sign on and try checking out again.> expecting to be <DYou must sign on before attempting to check out. Please sign on and try checking out again.>!
at page.objects.LoginPage.assertThatWarningIsDisplayed(LoginPage.java:65)
at tests.ShoppingCartTests.asNotLoggedInUserIShallNotProceedToCheckout(ShoppingCartTests.java:32)
at sun.reflect.NativeMethodAccessorImpl.invoke0(Native Method)
at sun.reflect.NativeMethodAccessorImpl.invoke(NativeMethodAccessorImpl.java:62)
at sun.reflect.DelegatingMethodAccessorImpl.invoke(DelegatingMethodAccessorImpl.java:43)
at java.lang.reflect.Method.invoke(Method.java:498)
at org.testng.internal.MethodInvocationHelper.invokeMethod(MethodInvocationHelper.java:133)
at org.testng.internal.TestInvoker.invokeMethod(TestInvoker.java:584)
at org.testng.internal.TestInvoker.retryFailed(TestInvoker.java:204)
at org.testng.internal.MethodRunner.runInSequence(MethodRunner.java:58)
at org.testng.internal.TestInvoker$MethodInvocationAgent.invoke(TestInvoker.java:804)
at org.testng.internal.TestInvoker.invokeTestMethods(TestInvoker.java:145)
at org.testng.internal.TestMethodWorker.invokeTestMethods(TestMethodWorker.java:146)
at org.testng.internal.TestMethodWorker.run(TestMethodWorker.java:128)
at java.util.ArrayList.forEach(ArrayList.java:1257)
at org.testng.TestRunner.privateRun(TestRunner.java:770)
at org.testng.TestRunner.run(TestRunner.java:591)
at org.testng.SuiteRunner.runTest(SuiteRunner.java:402)
at org.testng.SuiteRunner.access$000(SuiteRunner.java:41)
at org.testng.SuiteRunner$SuiteWorker.run(SuiteRunner.java:443)
at org.testng.internal.thread.ThreadUtil.lambda$execute$0(ThreadUtil.java:67)
at java.util.concurrent.FutureTask.run(FutureTask.java:266)
at java.util.concurrent.ThreadPoolExecutor.runWorker(ThreadPoolExecutor.java:1149)
at java.util.concurrent.ThreadPoolExecutor$Worker.run(ThreadPoolExecutor.java:624)
at java.lang.Thread.run(Thread.java:748)
]]>
            </full-stacktrace>
          </exception> <!-- java.lang.AssertionError -->
          <reporter-output>
          </reporter-output>
        </test-method> <!-- asNotLoggedInUserIShallNotProceedToCheckout -->
        <test-method status="PASS" signature="afterMethod()[pri:0, instance:tests.ShoppingCartTests@6940f685]" name="afterMethod" is-config="true" duration-ms="1465" started-at="2020-06-03T13:57:26 CEST" finished-at="2020-06-03T13:57:28 CEST">
          <reporter-output>
          </reporter-output>
        </test-method> <!-- afterMethod -->
        <test-method status="PASS" signature="beforeMethod(driver.BrowserType)[pri:0, instance:tests.ShoppingCartTests@6940f685]" name="beforeMethod" is-config="true" duration-ms="4294" started-at="2020-06-03T13:57:28 CEST" finished-at="2020-06-03T13:57:32 CEST">
          <params>
            <param index="0">
              <value>
                <![CDATA[FIREFOX]]>
              </value>
            </param>
          </params>
          <reporter-output>
          </reporter-output>
        </test-method> <!-- beforeMethod -->
        <test-method status="FAIL" signature="asNotLoggedInUserIShallNotProceedToCheckout()[pri:0, instance:tests.ShoppingCartTests@6940f685]" name="asNotLoggedInUserIShallNotProceedToCheckout" duration-ms="2168" started-at="2020-06-03T13:57:32 CEST" finished-at="2020-06-03T13:57:34 CEST">
          <exception class="java.lang.AssertionError">
            <message>
              <![CDATA[Element text was <You must sign on before attempting to check out. Please sign on and try checking out again.> expecting to be <DYou must sign on before attempting to check out. Please sign on and try checking out again.>!]]>
            </message>
            <full-stacktrace>
              <![CDATA[java.lang.AssertionError: Element text was <You must sign on before attempting to check out. Please sign on and try checking out again.> expecting to be <DYou must sign on before attempting to check out. Please sign on and try checking out again.>!
at page.objects.LoginPage.assertThatWarningIsDisplayed(LoginPage.java:65)
at tests.ShoppingCartTests.asNotLoggedInUserIShallNotProceedToCheckout(ShoppingCartTests.java:32)
at sun.reflect.NativeMethodAccessorImpl.invoke0(Native Method)
at sun.reflect.NativeMethodAccessorImpl.invoke(NativeMethodAccessorImpl.java:62)
at sun.reflect.DelegatingMethodAccessorImpl.invoke(DelegatingMethodAccessorImpl.java:43)
at java.lang.reflect.Method.invoke(Method.java:498)
at org.testng.internal.MethodInvocationHelper.invokeMethod(MethodInvocationHelper.java:133)
at org.testng.internal.TestInvoker.invokeMethod(TestInvoker.java:584)
at org.testng.internal.TestInvoker.retryFailed(TestInvoker.java:204)
at org.testng.internal.MethodRunner.runInSequence(MethodRunner.java:58)
at org.testng.internal.TestInvoker$MethodInvocationAgent.invoke(TestInvoker.java:804)
at org.testng.internal.TestInvoker.invokeTestMethods(TestInvoker.java:145)
at org.testng.internal.TestMethodWorker.invokeTestMethods(TestMethodWorker.java:146)
at org.testng.internal.TestMethodWorker.run(TestMethodWorker.java:128)
at java.util.ArrayList.forEach(ArrayList.java:1257)
at org.testng.TestRunner.privateRun(TestRunner.java:770)
at org.testng.TestRunner.run(TestRunner.java:591)
at org.testng.SuiteRunner.runTest(SuiteRunner.java:402)
at org.testng.SuiteRunner.access$000(SuiteRunner.java:41)
at org.testng.SuiteRunner$SuiteWorker.run(SuiteRunner.java:443)
at org.testng.internal.thread.ThreadUtil.lambda$execute$0(ThreadUtil.java:67)
at java.util.concurrent.FutureTask.run(FutureTask.java:266)
at java.util.concurrent.ThreadPoolExecutor.runWorker(ThreadPoolExecutor.java:1149)
at java.util.concurrent.ThreadPoolExecutor$Worker.run(ThreadPoolExecutor.java:624)
at java.lang.Thread.run(Thread.java:748)
]]>
            </full-stacktrace>
          </exception> <!-- java.lang.AssertionError -->
          <reporter-output>
          </reporter-output>
        </test-method> <!-- asNotLoggedInUserIShallNotProceedToCheckout -->
        <test-method status="PASS" signature="afterMethod()[pri:0, instance:tests.ShoppingCartTests@6940f685]" name="afterMethod" is-config="true" duration-ms="1508" started-at="2020-06-03T13:57:34 CEST" finished-at="2020-06-03T13:57:36 CEST">
          <reporter-output>
          </reporter-output>
        </test-method> <!-- afterMethod -->
      </class> <!-- tests.ShoppingCartTests -->
    </test> <!-- Shopping Cart Tests -->
  </suite> <!-- All Pet Store Tests -->
</testng-results>
