<?xml version="1.0" encoding="UTF-8"?>
<testsuite xmlns:xsi="http://www.w3.org/2001/XMLSchema-instance" xsi:noNamespaceSchemaLocation="https://maven.apache.org/surefire/maven-surefire-plugin/xsd/surefire-test-report.xsd" name="TestSuite" time="44.938" tests="5" errors="0" skipped="2" failures="1">
  <properties>
    <property name="sun.desktop" value="windows"/>
    <property name="awt.toolkit" value="sun.awt.windows.WToolkit"/>
    <property name="file.encoding.pkg" value="sun.io"/>
    <property name="java.specification.version" value="1.8"/>
    <property name="sun.cpu.isalist" value="amd64"/>
    <property name="sun.jnu.encoding" value="Cp1250"/>
    <property name="java.class.path" value="D:\JavaStartSelenium\nauka\Temat 9 - Budowanie frameworka do testow oraz dobre praktyki\target\test-classes;D:\JavaStartSelenium\nauka\Temat 9 - Budowanie frameworka do testow oraz dobre praktyki\target\classes;C:\Users\Craanky\.m2\repository\javax\xml\bind\jaxb-api\2.3.0\jaxb-api-2.3.0.jar;C:\Users\Craanky\.m2\repository\org\slf4j\slf4j-simple\1.7.25\slf4j-simple-1.7.25.jar;C:\Users\Craanky\.m2\repository\org\slf4j\slf4j-api\1.7.25\slf4j-api-1.7.25.jar;C:\Users\Craanky\.m2\repository\org\aspectj\aspectjweaver\1.9.2\aspectjweaver-1.9.2.jar;C:\Users\Craanky\.m2\repository\io\qameta\allure\allure-testng\2.10.0\allure-testng-2.10.0.jar;C:\Users\Craanky\.m2\repository\io\qameta\allure\allure-java-commons\2.10.0\allure-java-commons-2.10.0.jar;C:\Users\Craanky\.m2\repository\io\qameta\allure\allure-model\2.10.0\allure-model-2.10.0.jar;C:\Users\Craanky\.m2\repository\com\fasterxml\jackson\core\jackson-databind\2.9.8\jackson-databind-2.9.8.jar;C:\Users\Craanky\.m2\repository\com\fasterxml\jackson\core\jackson-annotations\2.9.0\jackson-annotations-2.9.0.jar;C:\Users\Craanky\.m2\repository\com\fasterxml\jackson\core\jackson-core\2.9.8\jackson-core-2.9.8.jar;C:\Users\Craanky\.m2\repository\org\apache\tika\tika-core\1.20\tika-core-1.20.jar;C:\Users\Craanky\.m2\repository\org\jooq\joor-java-8\0.9.10\joor-java-8-0.9.10.jar;C:\Users\Craanky\.m2\repository\org\seleniumhq\selenium\selenium-api\3.141.59\selenium-api-3.141.59.jar;C:\Users\Craanky\.m2\repository\org\testng\testng\7.0.0\testng-7.0.0.jar;C:\Users\Craanky\.m2\repository\com\beust\jcommander\1.72\jcommander-1.72.jar;C:\Users\Craanky\.m2\repository\org\seleniumhq\selenium\selenium-chrome-driver\3.141.59\selenium-chrome-driver-3.141.59.jar;C:\Users\Craanky\.m2\repository\org\seleniumhq\selenium\selenium-remote-driver\3.141.59\selenium-remote-driver-3.141.59.jar;C:\Users\Craanky\.m2\repository\net\bytebuddy\byte-buddy\1.8.15\byte-buddy-1.8.15.jar;C:\Users\Craanky\.m2\repository\org\apache\commons\commons-exec\1.3\commons-exec-1.3.jar;C:\Users\Craanky\.m2\repository\com\google\guava\guava\25.0-jre\guava-25.0-jre.jar;C:\Users\Craanky\.m2\repository\com\google\code\findbugs\jsr305\1.3.9\jsr305-1.3.9.jar;C:\Users\Craanky\.m2\repository\org\checkerframework\checker-compat-qual\2.0.0\checker-compat-qual-2.0.0.jar;C:\Users\Craanky\.m2\repository\com\google\errorprone\error_prone_annotations\2.1.3\error_prone_annotations-2.1.3.jar;C:\Users\Craanky\.m2\repository\com\google\j2objc\j2objc-annotations\1.1\j2objc-annotations-1.1.jar;C:\Users\Craanky\.m2\repository\org\codehaus\mojo\animal-sniffer-annotations\1.14\animal-sniffer-annotations-1.14.jar;C:\Users\Craanky\.m2\repository\com\squareup\okhttp3\okhttp\3.11.0\okhttp-3.11.0.jar;C:\Users\Craanky\.m2\repository\com\squareup\okio\okio\1.14.0\okio-1.14.0.jar;C:\Users\Craanky\.m2\repository\org\seleniumhq\selenium\selenium-support\3.141.59\selenium-support-3.141.59.jar;C:\Users\Craanky\.m2\repository\org\apache\logging\log4j\log4j-core\2.10.0\log4j-core-2.10.0.jar;C:\Users\Craanky\.m2\repository\org\apache\logging\log4j\log4j-api\2.10.0\log4j-api-2.10.0.jar;C:\Users\Craanky\.m2\repository\org\seleniumhq\selenium\selenium-firefox-driver\3.141.59\selenium-firefox-driver-3.141.59.jar;C:\Users\Craanky\.m2\repository\org\seleniumhq\selenium\selenium-ie-driver\3.141.59\selenium-ie-driver-3.141.59.jar;C:\Users\Craanky\.m2\repository\org\assertj\assertj-core\3.10.0\assertj-core-3.10.0.jar;C:\Users\Craanky\.m2\repository\org\apache\maven\surefire\surefire-testng-utils\2.21.0\surefire-testng-utils-2.21.0.jar;C:\Users\Craanky\.m2\repository\org\apache\maven\surefire\surefire-grouper\2.21.0\surefire-grouper-2.21.0.jar;"/>
    <property name="java.vm.vendor" value="Oracle Corporation"/>
    <property name="sun.arch.data.model" value="64"/>
    <property name="user.variant" value=""/>
    <property name="java.vendor.url" value="http://java.oracle.com/"/>
    <property name="user.timezone" value=""/>
    <property name="java.vm.specification.version" value="1.8"/>
    <property name="os.name" value="Windows 10"/>
    <property name="user.country" value="PL"/>
    <property name="sun.java.launcher" value="SUN_STANDARD"/>
    <property name="sun.boot.library.path" value="C:\Program Files\Java\jdk1.8.0_251\jre\bin"/>
    <property name="sun.java.command" value="C:\Users\Craanky\AppData\Local\Temp\surefire3253198464545331572\surefirebooter5972524027600726419.jar C:\Users\Craanky\AppData\Local\Temp\surefire3253198464545331572 2020-06-03T13-56-48_360-jvmRun1 surefire6417278918446151071tmp surefire_058455469356477449tmp"/>
    <property name="surefire.test.class.path" value="D:\JavaStartSelenium\nauka\Temat 9 - Budowanie frameworka do testow oraz dobre praktyki\target\test-classes;D:\JavaStartSelenium\nauka\Temat 9 - Budowanie frameworka do testow oraz dobre praktyki\target\classes;C:\Users\Craanky\.m2\repository\javax\xml\bind\jaxb-api\2.3.0\jaxb-api-2.3.0.jar;C:\Users\Craanky\.m2\repository\org\slf4j\slf4j-simple\1.7.25\slf4j-simple-1.7.25.jar;C:\Users\Craanky\.m2\repository\org\slf4j\slf4j-api\1.7.25\slf4j-api-1.7.25.jar;C:\Users\Craanky\.m2\repository\org\aspectj\aspectjweaver\1.9.2\aspectjweaver-1.9.2.jar;C:\Users\Craanky\.m2\repository\io\qameta\allure\allure-testng\2.10.0\allure-testng-2.10.0.jar;C:\Users\Craanky\.m2\repository\io\qameta\allure\allure-java-commons\2.10.0\allure-java-commons-2.10.0.jar;C:\Users\Craanky\.m2\repository\io\qameta\allure\allure-model\2.10.0\allure-model-2.10.0.jar;C:\Users\Craanky\.m2\repository\com\fasterxml\jackson\core\jackson-databind\2.9.8\jackson-databind-2.9.8.jar;C:\Users\Craanky\.m2\repository\com\fasterxml\jackson\core\jackson-annotations\2.9.0\jackson-annotations-2.9.0.jar;C:\Users\Craanky\.m2\repository\com\fasterxml\jackson\core\jackson-core\2.9.8\jackson-core-2.9.8.jar;C:\Users\Craanky\.m2\repository\org\apache\tika\tika-core\1.20\tika-core-1.20.jar;C:\Users\Craanky\.m2\repository\org\jooq\joor-java-8\0.9.10\joor-java-8-0.9.10.jar;C:\Users\Craanky\.m2\repository\org\seleniumhq\selenium\selenium-api\3.141.59\selenium-api-3.141.59.jar;C:\Users\Craanky\.m2\repository\org\testng\testng\7.0.0\testng-7.0.0.jar;C:\Users\Craanky\.m2\repository\com\beust\jcommander\1.72\jcommander-1.72.jar;C:\Users\Craanky\.m2\repository\org\seleniumhq\selenium\selenium-chrome-driver\3.141.59\selenium-chrome-driver-3.141.59.jar;C:\Users\Craanky\.m2\repository\org\seleniumhq\selenium\selenium-remote-driver\3.141.59\selenium-remote-driver-3.141.59.jar;C:\Users\Craanky\.m2\repository\net\bytebuddy\byte-buddy\1.8.15\byte-buddy-1.8.15.jar;C:\Users\Craanky\.m2\repository\org\apache\commons\commons-exec\1.3\commons-exec-1.3.jar;C:\Users\Craanky\.m2\repository\com\google\guava\guava\25.0-jre\guava-25.0-jre.jar;C:\Users\Craanky\.m2\repository\com\google\code\findbugs\jsr305\1.3.9\jsr305-1.3.9.jar;C:\Users\Craanky\.m2\repository\org\checkerframework\checker-compat-qual\2.0.0\checker-compat-qual-2.0.0.jar;C:\Users\Craanky\.m2\repository\com\google\errorprone\error_prone_annotations\2.1.3\error_prone_annotations-2.1.3.jar;C:\Users\Craanky\.m2\repository\com\google\j2objc\j2objc-annotations\1.1\j2objc-annotations-1.1.jar;C:\Users\Craanky\.m2\repository\org\codehaus\mojo\animal-sniffer-annotations\1.14\animal-sniffer-annotations-1.14.jar;C:\Users\Craanky\.m2\repository\com\squareup\okhttp3\okhttp\3.11.0\okhttp-3.11.0.jar;C:\Users\Craanky\.m2\repository\com\squareup\okio\okio\1.14.0\okio-1.14.0.jar;C:\Users\Craanky\.m2\repository\org\seleniumhq\selenium\selenium-support\3.141.59\selenium-support-3.141.59.jar;C:\Users\Craanky\.m2\repository\org\apache\logging\log4j\log4j-core\2.10.0\log4j-core-2.10.0.jar;C:\Users\Craanky\.m2\repository\org\apache\logging\log4j\log4j-api\2.10.0\log4j-api-2.10.0.jar;C:\Users\Craanky\.m2\repository\org\seleniumhq\selenium\selenium-firefox-driver\3.141.59\selenium-firefox-driver-3.141.59.jar;C:\Users\Craanky\.m2\repository\org\seleniumhq\selenium\selenium-ie-driver\3.141.59\selenium-ie-driver-3.141.59.jar;C:\Users\Craanky\.m2\repository\org\assertj\assertj-core\3.10.0\assertj-core-3.10.0.jar;C:\Users\Craanky\.m2\repository\org\apache\maven\surefire\surefire-testng-utils\2.21.0\surefire-testng-utils-2.21.0.jar;C:\Users\Craanky\.m2\repository\org\apache\maven\surefire\surefire-grouper\2.21.0\surefire-grouper-2.21.0.jar;"/>
    <property name="sun.cpu.endian" value="little"/>
    <property name="allure.results.directory" value="D:\JavaStartSelenium\nauka\Temat 9 - Budowanie frameworka do testow oraz dobre praktyki/target/allure-results"/>
    <property name="user.home" value="C:\Users\Craanky"/>
    <property name="user.language" value="pl"/>
    <property name="java.specification.vendor" value="Oracle Corporation"/>
    <property name="java.home" value="C:\Program Files\Java\jdk1.8.0_251\jre"/>
    <property name="basedir" value="D:\JavaStartSelenium\nauka\Temat 9 - Budowanie frameworka do testow oraz dobre praktyki"/>
    <property name="file.separator" value="\"/>
    <property name="line.separator" value="&#10;"/>
    <property name="java.vm.specification.vendor" value="Oracle Corporation"/>
    <property name="java.specification.name" value="Java Platform API Specification"/>
    <property name="java.awt.graphicsenv" value="sun.awt.Win32GraphicsEnvironment"/>
    <property name="surefire.real.class.path" value="C:\Users\Craanky\AppData\Local\Temp\surefire3253198464545331572\surefirebooter5972524027600726419.jar;C:\Users\Craanky\.m2\repository/org/aspectj/aspectjweaver/1.9.2/aspectjweaver-1.9.2.jar"/>
    <property name="sun.boot.class.path" value="C:\Program Files\Java\jdk1.8.0_251\jre\lib\resources.jar;C:\Program Files\Java\jdk1.8.0_251\jre\lib\rt.jar;C:\Program Files\Java\jdk1.8.0_251\jre\lib\sunrsasign.jar;C:\Program Files\Java\jdk1.8.0_251\jre\lib\jsse.jar;C:\Program Files\Java\jdk1.8.0_251\jre\lib\jce.jar;C:\Program Files\Java\jdk1.8.0_251\jre\lib\charsets.jar;C:\Program Files\Java\jdk1.8.0_251\jre\lib\jfr.jar;C:\Program Files\Java\jdk1.8.0_251\jre\classes"/>
    <property name="user.script" value=""/>
    <property name="sun.management.compiler" value="HotSpot 64-Bit Tiered Compilers"/>
    <property name="java.runtime.version" value="1.8.0_251-b08"/>
    <property name="user.name" value="Craanky"/>
    <property name="path.separator" value=";"/>
    <property name="os.version" value="10.0"/>
    <property name="java.endorsed.dirs" value="C:\Program Files\Java\jdk1.8.0_251\jre\lib\endorsed"/>
    <property name="java.runtime.name" value="Java(TM) SE Runtime Environment"/>
    <property name="file.encoding" value="Cp1250"/>
    <property name="java.vm.name" value="Java HotSpot(TM) 64-Bit Server VM"/>
    <property name="localRepository" value="C:\Users\Craanky\.m2\repository"/>
    <property name="java.vendor.url.bug" value="http://bugreport.sun.com/bugreport/"/>
    <property name="java.io.tmpdir" value="C:\Users\Craanky\AppData\Local\Temp\"/>
    <property name="java.version" value="1.8.0_251"/>
    <property name="user.dir" value="D:\JavaStartSelenium\nauka\Temat 9 - Budowanie frameworka do testow oraz dobre praktyki"/>
    <property name="os.arch" value="amd64"/>
    <property name="java.vm.specification.name" value="Java Virtual Machine Specification"/>
    <property name="java.awt.printerjob" value="sun.awt.windows.WPrinterJob"/>
    <property name="sun.os.patch.level" value=""/>
    <property name="java.library.path" value="C:\Program Files\Java\jdk1.8.0_251\jre\bin;C:\Windows\Sun\Java\bin;C:\Windows\system32;C:\Windows;C:\Program Files (x86)\Common Files\Oracle\Java\javapath;C:\Windows\system32;C:\Windows;C:\Windows\System32\Wbem;C:\Windows\System32\WindowsPowerShell\v1.0\;C:\Windows\System32\OpenSSH\;C:\Program Files (x86)\NVIDIA Corporation\PhysX\Common;C:\Program Files\NVIDIA Corporation\NVIDIA NvDLISR;C:\Program Files\Java\jdk1.8.0_251\bin;C:\apache-maven-3.6.3\bin;C:\Program Files\Git\cmd;D:\JavaStartSelenium;C:\Users\Craanky\AppData\Local\Microsoft\WindowsApps;C:\Users\Craanky\AppData\Local\GitHubDesktop\bin;."/>
    <property name="java.vm.info" value="mixed mode"/>
    <property name="java.vendor" value="Oracle Corporation"/>
    <property name="java.vm.version" value="25.251-b08"/>
    <property name="java.ext.dirs" value="C:\Program Files\Java\jdk1.8.0_251\jre\lib\ext;C:\Windows\Sun\Java\lib\ext"/>
    <property name="sun.io.unicode.encoding" value="UnicodeLittle"/>
    <property name="java.class.version" value="52.0"/>
  </properties>
  <testcase name="anUserTryToLoginWithIncorrectUsernameAndPassword" classname="tests.FailedLoginTests" time="2.345"/>
  <testcase name="asNotLoggedInUserIShallNotProceedToCheckout" classname="tests.ShoppingCartTests" time="0">
    <skipped message="Element text was &lt;You must sign on before attempting to check out. Please sign on and try checking out again.&gt; expecting to be &lt;DYou must sign on before attempting to check out. Please sign on and try checking out again.&gt;!"/>
    <system-out><![CDATA[[INFO ] 2020-06-03 13:57:15.080 [TestNG-tests-1] utilis.testng.listeners.TestListener - Test anUserTryToLoginWithIncorrectUsernameAndPassword passed successfully
[INFO ] 2020-06-03 13:57:15.170 [TestNG-tests-3] driver.listeners.DriverEventListener - Clicked on element
[INFO ] 2020-06-03 13:57:15.171 [TestNG-tests-3] page.objects.ShoppingCardPage - Clicked on Procced To Check Out Button
[INFO ] 2020-06-03 13:57:15.172 [TestNG-tests-3] page.objects.LoginPage - Checking if warning message DYou must sign on before attempting to check out. Please sign on and try checking out again. is displayed
[INFO ] 2020-06-03 13:57:15.172 [TestNG-tests-3] driver.listeners.DriverEventListener - Trying to find element with locator By.className: messages
[INFO ] 2020-06-03 13:57:15.222 [TestNG-tests-3] driver.listeners.DriverEventListener - Found element with locator By.className: messages
[INFO ] 2020-06-03 13:57:15.277 [TestNG-tests-3] generic.assertions.AssertWebElement - Checking if element is displayed
[INFO ] 2020-06-03 13:57:15.277 [TestNG-tests-3] driver.listeners.DriverEventListener - Trying to find element with locator By.className: messages
[INFO ] 2020-06-03 13:57:15.325 [TestNG-tests-3] driver.listeners.DriverEventListener - Found element with locator By.className: messages
[INFO ] 2020-06-03 13:57:15.393 [TestNG-tests-3] generic.assertions.AssertWebElement - WebElement was displayed!
[INFO ] 2020-06-03 13:57:15.393 [TestNG-tests-3] generic.assertions.AssertWebElement - Checking if WebElement has text: DYou must sign on before attempting to check out. Please sign on and try checking out again.
[INFO ] 2020-06-03 13:57:15.394 [TestNG-tests-3] driver.listeners.DriverEventListener - Trying to find element with locator By.className: messages
[INFO ] 2020-06-03 13:57:15.439 [TestNG-tests-3] driver.listeners.DriverEventListener - Found element with locator By.className: messages
[INFO ] 2020-06-03 13:57:15.440 [TestNG-tests-3] driver.listeners.DriverEventListener - Trying to get text for WebElement
[INFO ] 2020-06-03 13:57:15.527 [TestNG-tests-3] driver.listeners.DriverEventListener - Taken text fro WebElement. Text was: You must sign on before attempting to check out. Please sign on and try checking out again.
[INFO ] 2020-06-03 13:57:15.551 [TestNG-tests-3] utilis.testng.listeners.RetryAnalyzer - Retrying test method! asNotLoggedInUserIShallNotProceedToCheckout
]]></system-out>
    <system-err><![CDATA[1591185435088	Marionette	INFO	Stopped listening on port 57804
]]></system-err>
  </testcase>
  <testcase name="asNotLoggedInUserIShallNotProceedToCheckout" classname="tests.ShoppingCartTests" time="0">
    <skipped message="Element text was &lt;You must sign on before attempting to check out. Please sign on and try checking out again.&gt; expecting to be &lt;DYou must sign on before attempting to check out. Please sign on and try checking out again.&gt;!"/>
    <system-out><![CDATA[[INFO ] 2020-06-03 13:57:15.765 [TestNG-tests-2] utilis.testng.listeners.TestListener - Test andUserTryToLoginWithValidUsernameAndPassword passed successfully
[INFO ] 2020-06-03 13:57:24.810 [TestNG-tests-3] utilis.testng.listeners.TestListener - Starting test: asNotLoggedInUserIShallNotProceedToCheckout
[INFO ] 2020-06-03 13:57:24.810 [TestNG-tests-3] driver.listeners.DriverEventListener - Trying to navigate http://przyklady.javastart.pl/jpetstore/
[INFO ] 2020-06-03 13:57:25.127 [TestNG-tests-3] driver.listeners.DriverEventListener - Navigated to http://przyklady.javastart.pl/jpetstore/
[INFO ] 2020-06-03 13:57:25.127 [TestNG-tests-3] driver.listeners.DriverEventListener - Trying to find element with locator By.cssSelector: div p a
[INFO ] 2020-06-03 13:57:25.142 [TestNG-tests-3] driver.listeners.DriverEventListener - Found element with locator By.cssSelector: div p a
[INFO ] 2020-06-03 13:57:25.212 [TestNG-tests-3] driver.listeners.DriverEventListener - Trying to find element with locator By.cssSelector: div p a
[INFO ] 2020-06-03 13:57:25.227 [TestNG-tests-3] driver.listeners.DriverEventListener - Found element with locator By.cssSelector: div p a
[INFO ] 2020-06-03 13:57:25.243 [TestNG-tests-3] driver.listeners.DriverEventListener - Trying to find element with locator By.cssSelector: div p a
[INFO ] 2020-06-03 13:57:25.265 [TestNG-tests-3] driver.listeners.DriverEventListener - Found element with locator By.cssSelector: div p a
[INFO ] 2020-06-03 13:57:25.265 [TestNG-tests-3] driver.listeners.DriverEventListener - Trying to click on element with tag name a
[INFO ] 2020-06-03 13:57:25.693 [TestNG-tests-3] driver.listeners.DriverEventListener - Clicked on element
[INFO ] 2020-06-03 13:57:25.694 [TestNG-tests-3] page.objects.LandingPage - Clicked on Enter Store Link
[INFO ] 2020-06-03 13:57:25.695 [TestNG-tests-3] driver.listeners.DriverEventListener - Trying to find element with locator By.cssSelector: #SidebarContent img[src *='fish']
[INFO ] 2020-06-03 13:57:25.710 [TestNG-tests-3] driver.listeners.DriverEventListener - Found element with locator By.cssSelector: #SidebarContent img[src *='fish']
[INFO ] 2020-06-03 13:57:25.726 [TestNG-tests-3] driver.listeners.DriverEventListener - Trying to click on element with tag name img
[INFO ] 2020-06-03 13:57:25.872 [TestNG-tests-3] driver.listeners.DriverEventListener - Clicked on element
[INFO ] 2020-06-03 13:57:25.874 [TestNG-tests-3] driver.listeners.DriverEventListener - Trying to find element with locator By.cssSelector: a[href*='FI-SW-01']
[INFO ] 2020-06-03 13:57:25.900 [TestNG-tests-3] driver.listeners.DriverEventListener - Found element with locator By.cssSelector: a[href*='FI-SW-01']
[INFO ] 2020-06-03 13:57:25.918 [TestNG-tests-3] driver.listeners.DriverEventListener - Trying to click on element with tag name a
[INFO ] 2020-06-03 13:57:26.077 [TestNG-tests-3] driver.listeners.DriverEventListener - Clicked on element
[INFO ] 2020-06-03 13:57:26.077 [TestNG-tests-3] page.objects.FishListPage - Clicked on Angelfish ID link
[INFO ] 2020-06-03 13:57:26.078 [TestNG-tests-3] driver.listeners.DriverEventListener - Trying to find element with locator By.cssSelector: a.Button[href*='EST-2']
[INFO ] 2020-06-03 13:57:26.100 [TestNG-tests-3] driver.listeners.DriverEventListener - Found element with locator By.cssSelector: a.Button[href*='EST-2']
[INFO ] 2020-06-03 13:57:26.108 [TestNG-tests-3] driver.listeners.DriverEventListener - Trying to click on element with tag name a
[INFO ] 2020-06-03 13:57:26.236 [TestNG-tests-3] driver.listeners.DriverEventListener - Clicked on element
[INFO ] 2020-06-03 13:57:26.236 [TestNG-tests-3] page.objects.AngelFishListPage - Clicked on Add To Cart Small Angelfish
[INFO ] 2020-06-03 13:57:26.237 [TestNG-tests-3] driver.listeners.DriverEventListener - Trying to find element with locator By.cssSelector: a.Button[href*='newOrderForm']
[INFO ] 2020-06-03 13:57:26.246 [TestNG-tests-3] driver.listeners.DriverEventListener - Found element with locator By.cssSelector: a.Button[href*='newOrderForm']
[INFO ] 2020-06-03 13:57:26.260 [TestNG-tests-3] driver.listeners.DriverEventListener - Trying to click on element with tag name a
[INFO ] 2020-06-03 13:57:26.422 [TestNG-tests-3] driver.listeners.DriverEventListener - Clicked on element
[INFO ] 2020-06-03 13:57:26.422 [TestNG-tests-3] page.objects.ShoppingCardPage - Clicked on Procced To Check Out Button
[INFO ] 2020-06-03 13:57:26.423 [TestNG-tests-3] page.objects.LoginPage - Checking if warning message DYou must sign on before attempting to check out. Please sign on and try checking out again. is displayed
[INFO ] 2020-06-03 13:57:26.423 [TestNG-tests-3] driver.listeners.DriverEventListener - Trying to find element with locator By.className: messages
[INFO ] 2020-06-03 13:57:26.454 [TestNG-tests-3] driver.listeners.DriverEventListener - Found element with locator By.className: messages
[INFO ] 2020-06-03 13:57:26.508 [TestNG-tests-3] generic.assertions.AssertWebElement - Checking if element is displayed
[INFO ] 2020-06-03 13:57:26.508 [TestNG-tests-3] driver.listeners.DriverEventListener - Trying to find element with locator By.className: messages
[INFO ] 2020-06-03 13:57:26.518 [TestNG-tests-3] driver.listeners.DriverEventListener - Found element with locator By.className: messages
[INFO ] 2020-06-03 13:57:26.559 [TestNG-tests-3] generic.assertions.AssertWebElement - WebElement was displayed!
[INFO ] 2020-06-03 13:57:26.560 [TestNG-tests-3] generic.assertions.AssertWebElement - Checking if WebElement has text: DYou must sign on before attempting to check out. Please sign on and try checking out again.
[INFO ] 2020-06-03 13:57:26.560 [TestNG-tests-3] driver.listeners.DriverEventListener - Trying to find element with locator By.className: messages
[INFO ] 2020-06-03 13:57:26.570 [TestNG-tests-3] driver.listeners.DriverEventListener - Found element with locator By.className: messages
[INFO ] 2020-06-03 13:57:26.570 [TestNG-tests-3] driver.listeners.DriverEventListener - Trying to get text for WebElement
[INFO ] 2020-06-03 13:57:26.599 [TestNG-tests-3] driver.listeners.DriverEventListener - Taken text fro WebElement. Text was: You must sign on before attempting to check out. Please sign on and try checking out again.
[INFO ] 2020-06-03 13:57:26.600 [TestNG-tests-3] utilis.testng.listeners.RetryAnalyzer - Retrying test method! asNotLoggedInUserIShallNotProceedToCheckout
]]></system-out>
    <system-err><![CDATA[A content process crashed and MOZ_CRASHREPORTER_SHUTDOWN is set, shutting down

###!!! [Child][RunMessage] Error: Channel closing: too late to send/recv, messages will be lost


###!!! [Child][MessageChannel::SendAndWait] Error: Channel error: cannot send/recv

[Parent 15104, Gecko_IOThread] WARNING: pipe error: 232: file /builds/worker/checkouts/gecko/ipc/chromium/src/chrome/common/ipc_channel_win.cc, line 522
A content process crashed and MOZ_CRASHREPORTER_SHUTDOWN is set, shutting down

###!!! [Child][MessageChannel::SendAndWait] Error: Channel error: cannot send/recv

1591185440345	mozrunner::runner	INFO	Running command: "C:\\Program Files\\Mozilla Firefox\\firefox.exe" "-marionette" "-foreground" "-no-remote" "-profile" "C:\\Users\\Craanky\\AppData\\Local\\Temp\\rust_mozprofileUqBxTx"
1591185440973	addons.webextension.doh-rollout@mozilla.org	WARN	Loading extension 'doh-rollout@mozilla.org': Reading manifest: Invalid extension permission: networkStatus
1591185441628	addons.webextension.screenshots@mozilla.org	WARN	Loading extension 'screenshots@mozilla.org': Reading manifest: Invalid extension permission: mozillaAddons
1591185441629	addons.webextension.screenshots@mozilla.org	WARN	Loading extension 'screenshots@mozilla.org': Reading manifest: Invalid extension permission: telemetry
1591185441629	addons.webextension.screenshots@mozilla.org	WARN	Loading extension 'screenshots@mozilla.org': Reading manifest: Invalid extension permission: resource://pdf.js/
1591185441629	addons.webextension.screenshots@mozilla.org	WARN	Loading extension 'screenshots@mozilla.org': Reading manifest: Invalid extension permission: about:reader*
JavaScript error: resource://gre/modules/XULStore.jsm, line 66: Error: Can't find profile directory.
1591185444195	Marionette	INFO	Listening on port 57921
1591185444730	Marionette	WARN	TLS certificate errors will be ignored for this session
cze 03, 2020 1:57:24 PM org.openqa.selenium.remote.ProtocolHandshake createSession
INFO: Detected dialect: W3C
]]></system-err>
  </testcase>
  <testcase name="asNotLoggedInUserIShallNotProceedToCheckout" classname="tests.ShoppingCartTests" time="2.401">
    <failure message="Element text was &lt;You must sign on before attempting to check out. Please sign on and try checking out again.&gt; expecting to be &lt;DYou must sign on before attempting to check out. Please sign on and try checking out again.&gt;!" type="java.lang.AssertionError"><![CDATA[java.lang.AssertionError: Element text was <You must sign on before attempting to check out. Please sign on and try checking out again.> expecting to be <DYou must sign on before attempting to check out. Please sign on and try checking out again.>!
	at tests.ShoppingCartTests.asNotLoggedInUserIShallNotProceedToCheckout(ShoppingCartTests.java:32)
]]></failure>
    <system-out><![CDATA[[INFO ] 2020-06-03 13:57:26.603 [TestNG-tests-3] utilis.testng.listeners.TestListener - Test asNotLoggedInUserIShallNotProceedToCheckout skipped!
[INFO ] 2020-06-03 13:57:32.377 [TestNG-tests-3] utilis.testng.listeners.TestListener - Starting test: asNotLoggedInUserIShallNotProceedToCheckout
[INFO ] 2020-06-03 13:57:32.377 [TestNG-tests-3] driver.listeners.DriverEventListener - Trying to navigate http://przyklady.javastart.pl/jpetstore/
[INFO ] 2020-06-03 13:57:32.776 [TestNG-tests-3] driver.listeners.DriverEventListener - Navigated to http://przyklady.javastart.pl/jpetstore/
[INFO ] 2020-06-03 13:57:32.778 [TestNG-tests-3] driver.listeners.DriverEventListener - Trying to find element with locator By.cssSelector: div p a
[INFO ] 2020-06-03 13:57:32.809 [TestNG-tests-3] driver.listeners.DriverEventListener - Found element with locator By.cssSelector: div p a
[INFO ] 2020-06-03 13:57:32.880 [TestNG-tests-3] driver.listeners.DriverEventListener - Trying to find element with locator By.cssSelector: div p a
[INFO ] 2020-06-03 13:57:32.900 [TestNG-tests-3] driver.listeners.DriverEventListener - Found element with locator By.cssSelector: div p a
[INFO ] 2020-06-03 13:57:32.920 [TestNG-tests-3] driver.listeners.DriverEventListener - Trying to find element with locator By.cssSelector: div p a
[INFO ] 2020-06-03 13:57:32.949 [TestNG-tests-3] driver.listeners.DriverEventListener - Found element with locator By.cssSelector: div p a
[INFO ] 2020-06-03 13:57:32.951 [TestNG-tests-3] driver.listeners.DriverEventListener - Trying to click on element with tag name a
[INFO ] 2020-06-03 13:57:33.654 [TestNG-tests-3] driver.listeners.DriverEventListener - Clicked on element
[INFO ] 2020-06-03 13:57:33.655 [TestNG-tests-3] page.objects.LandingPage - Clicked on Enter Store Link
[INFO ] 2020-06-03 13:57:33.656 [TestNG-tests-3] driver.listeners.DriverEventListener - Trying to find element with locator By.cssSelector: #SidebarContent img[src *='fish']
[INFO ] 2020-06-03 13:57:33.671 [TestNG-tests-3] driver.listeners.DriverEventListener - Found element with locator By.cssSelector: #SidebarContent img[src *='fish']
[INFO ] 2020-06-03 13:57:33.685 [TestNG-tests-3] driver.listeners.DriverEventListener - Trying to click on element with tag name img
[INFO ] 2020-06-03 13:57:33.859 [TestNG-tests-3] driver.listeners.DriverEventListener - Clicked on element
[INFO ] 2020-06-03 13:57:33.860 [TestNG-tests-3] driver.listeners.DriverEventListener - Trying to find element with locator By.cssSelector: a[href*='FI-SW-01']
[INFO ] 2020-06-03 13:57:33.876 [TestNG-tests-3] driver.listeners.DriverEventListener - Found element with locator By.cssSelector: a[href*='FI-SW-01']
[INFO ] 2020-06-03 13:57:33.891 [TestNG-tests-3] driver.listeners.DriverEventListener - Trying to click on element with tag name a
[INFO ] 2020-06-03 13:57:34.028 [TestNG-tests-3] driver.listeners.DriverEventListener - Clicked on element
[INFO ] 2020-06-03 13:57:34.029 [TestNG-tests-3] page.objects.FishListPage - Clicked on Angelfish ID link
[INFO ] 2020-06-03 13:57:34.032 [TestNG-tests-3] driver.listeners.DriverEventListener - Trying to find element with locator By.cssSelector: a.Button[href*='EST-2']
[INFO ] 2020-06-03 13:57:34.047 [TestNG-tests-3] driver.listeners.DriverEventListener - Found element with locator By.cssSelector: a.Button[href*='EST-2']
[INFO ] 2020-06-03 13:57:34.058 [TestNG-tests-3] driver.listeners.DriverEventListener - Trying to click on element with tag name a
[INFO ] 2020-06-03 13:57:34.185 [TestNG-tests-3] driver.listeners.DriverEventListener - Clicked on element
[INFO ] 2020-06-03 13:57:34.185 [TestNG-tests-3] page.objects.AngelFishListPage - Clicked on Add To Cart Small Angelfish
[INFO ] 2020-06-03 13:57:34.186 [TestNG-tests-3] driver.listeners.DriverEventListener - Trying to find element with locator By.cssSelector: a.Button[href*='newOrderForm']
[INFO ] 2020-06-03 13:57:34.198 [TestNG-tests-3] driver.listeners.DriverEventListener - Found element with locator By.cssSelector: a.Button[href*='newOrderForm']
[INFO ] 2020-06-03 13:57:34.209 [TestNG-tests-3] driver.listeners.DriverEventListener - Trying to click on element with tag name a
[INFO ] 2020-06-03 13:57:34.358 [TestNG-tests-3] driver.listeners.DriverEventListener - Clicked on element
[INFO ] 2020-06-03 13:57:34.358 [TestNG-tests-3] page.objects.ShoppingCardPage - Clicked on Procced To Check Out Button
[INFO ] 2020-06-03 13:57:34.359 [TestNG-tests-3] page.objects.LoginPage - Checking if warning message DYou must sign on before attempting to check out. Please sign on and try checking out again. is displayed
[INFO ] 2020-06-03 13:57:34.360 [TestNG-tests-3] driver.listeners.DriverEventListener - Trying to find element with locator By.className: messages
[INFO ] 2020-06-03 13:57:34.381 [TestNG-tests-3] driver.listeners.DriverEventListener - Found element with locator By.className: messages
[INFO ] 2020-06-03 13:57:34.445 [TestNG-tests-3] generic.assertions.AssertWebElement - Checking if element is displayed
[INFO ] 2020-06-03 13:57:34.445 [TestNG-tests-3] driver.listeners.DriverEventListener - Trying to find element with locator By.className: messages
[INFO ] 2020-06-03 13:57:34.454 [TestNG-tests-3] driver.listeners.DriverEventListener - Found element with locator By.className: messages
[INFO ] 2020-06-03 13:57:34.492 [TestNG-tests-3] generic.assertions.AssertWebElement - WebElement was displayed!
[INFO ] 2020-06-03 13:57:34.492 [TestNG-tests-3] generic.assertions.AssertWebElement - Checking if WebElement has text: DYou must sign on before attempting to check out. Please sign on and try checking out again.
[INFO ] 2020-06-03 13:57:34.492 [TestNG-tests-3] driver.listeners.DriverEventListener - Trying to find element with locator By.className: messages
[INFO ] 2020-06-03 13:57:34.501 [TestNG-tests-3] driver.listeners.DriverEventListener - Found element with locator By.className: messages
[INFO ] 2020-06-03 13:57:34.502 [TestNG-tests-3] driver.listeners.DriverEventListener - Trying to get text for WebElement
[INFO ] 2020-06-03 13:57:34.529 [TestNG-tests-3] driver.listeners.DriverEventListener - Taken text fro WebElement. Text was: You must sign on before attempting to check out. Please sign on and try checking out again.
[INFO ] 2020-06-03 13:57:34.530 [TestNG-tests-3] utilis.testng.listeners.RetryAnalyzer - Test method asNotLoggedInUserIShallNotProceedToCheckout will be not retried!
]]></system-out>
    <system-err><![CDATA[1591185446611	Marionette	INFO	Stopped listening on port 57921

###!!! [Child][RunMessage] Error: Channel closing: too late to send/recv, messages will be lost


###!!! [Child][MessageChannel::SendAndWait] Error: Channel error: cannot send/recv

1591185448610	mozrunner::runner	INFO	Running command: "C:\\Program Files\\Mozilla Firefox\\firefox.exe" "-marionette" "-foreground" "-no-remote" "-profile" "C:\\Users\\Craanky\\AppData\\Local\\Temp\\rust_mozprofileqhc0S1"
1591185449147	addons.webextension.doh-rollout@mozilla.org	WARN	Loading extension 'doh-rollout@mozilla.org': Reading manifest: Invalid extension permission: networkStatus
1591185449699	addons.webextension.screenshots@mozilla.org	WARN	Loading extension 'screenshots@mozilla.org': Reading manifest: Invalid extension permission: mozillaAddons
1591185449699	addons.webextension.screenshots@mozilla.org	WARN	Loading extension 'screenshots@mozilla.org': Reading manifest: Invalid extension permission: telemetry
1591185449700	addons.webextension.screenshots@mozilla.org	WARN	Loading extension 'screenshots@mozilla.org': Reading manifest: Invalid extension permission: resource://pdf.js/
1591185449700	addons.webextension.screenshots@mozilla.org	WARN	Loading extension 'screenshots@mozilla.org': Reading manifest: Invalid extension permission: about:reader*
JavaScript error: resource://gre/modules/XULStore.jsm, line 66: Error: Can't find profile directory.
1591185452248	Marionette	INFO	Listening on port 57965
1591185452283	Marionette	WARN	TLS certificate errors will be ignored for this session
cze 03, 2020 1:57:32 PM org.openqa.selenium.remote.ProtocolHandshake createSession
INFO: Detected dialect: W3C
]]></system-err>
  </testcase>
  <testcase name="andUserTryToLoginWithValidUsernameAndPassword" classname="tests.PositiveLoginTests" time="3.221"/>
</testsuite>